<?xml version="1.0" encoding="UTF-8"?>
<!-- Generated by org.testng.reporters.JUnitReportReporter -->
<testsuite skipped="0" hostname="DEEPAKs-MacBook-Air.local" name="Test.FlightFinderComponentTest" tests="1" failures="0" timestamp="25 Mar 2019 17:35:04 GMT" time="0.021" errors="0">
  <testcase name="verifyFlightFinder" time="0.021" classname="Test.FlightFinderComponentTest"/>
</testsuite> <!-- Test.FlightFinderComponentTest -->
