<?xml version="1.0" encoding="UTF-8"?>
<!-- Generated by org.testng.reporters.JUnitReportReporter -->
<testsuite skipped="0" hostname="DEEPAKs-MacBook-Air.local" name="Test.LoginTest" tests="1" failures="0" timestamp="25 Mar 2019 17:35:04 GMT" time="6.989" errors="0">
  <testcase name="verifyLogin" time="6.989" classname="Test.LoginTest"/>
</testsuite> <!-- Test.LoginTest -->
